make -C /lib/modules/5.10.167/build M=/mnt/vmshare/crepo/kcodes/21_tasklet_dynamic clean
make[1]: Entering directory '/usr/src/linux-5.10.167'
  CLEAN   /mnt/vmshare/crepo/kcodes/21_tasklet_dynamic/Module.symvers
make[1]: Leaving directory '/usr/src/linux-5.10.167'
make -C /lib/modules/5.10.167/build M=/mnt/vmshare/crepo/kcodes/21_tasklet_dynamic clean
make[1]: Entering directory '/usr/src/linux-5.10.167'
make[1]: Leaving directory '/usr/src/linux-5.10.167'
make -C /lib/modules/5.10.167/build M=/mnt/vmshare/crepo/kcodes/21_tasklet_dynamic modules
make[1]: Entering directory '/usr/src/linux-5.10.167'
make[2]: Warning: File '/mnt/vmshare/crepo/kcodes/21_tasklet_dynamic/tasklet_dynamic.c' has modification time 48564 s in the future
  CC [M]  /mnt/vmshare/crepo/kcodes/21_tasklet_dynamic/tasklet_dynamic.o
/mnt/vmshare/crepo/kcodes/21_tasklet_dynamic/tasklet_dynamic.c: In function ‘m_read’:
/mnt/vmshare/crepo/kcodes/21_tasklet_dynamic/tasklet_dynamic.c:90:5: warning: ISO C90 forbids mixed declarations and code [-Wdeclaration-after-statement]
   90 |     struct irq_desc *desc;
      |     ^~~~~~
make[2]: warning:  Clock skew detected.  Your build may be incomplete.
make[2]: Warning: File '/mnt/vmshare/crepo/kcodes/21_tasklet_dynamic/modules.order' has modification time 48572 s in the future
  MODPOST /mnt/vmshare/crepo/kcodes/21_tasklet_dynamic/Module.symvers
make[3]: Warning: File '/mnt/vmshare/crepo/kcodes/21_tasklet_dynamic/tasklet_dynamic.o' has modification time 48572 s in the future
  CC [M]  /mnt/vmshare/crepo/kcodes/21_tasklet_dynamic/tasklet_dynamic.mod.o
  LD [M]  /mnt/vmshare/crepo/kcodes/21_tasklet_dynamic/tasklet_dynamic.ko
make[3]: warning:  Clock skew detected.  Your build may be incomplete.
make[2]: warning:  Clock skew detected.  Your build may be incomplete.
make[1]: Leaving directory '/usr/src/linux-5.10.167'
